<?xml version="1.0" encoding="UTF-8"?>
<!-- Generated by org.testng.reporters.JUnitReportReporter -->
<testsuite name="com.test.LoginPageTest" tests="2" time="4.687" ignored="0" failures="0" timestamp="28 Mar 2021 08:44:39 GMT" skipped="0" hostname="Kalyani" errors="0">
  <testcase name="registerNewMember" time="0.907" classname="com.test.LoginPageTest"/>
  <testcase name="loginTestcase" time="3.780" classname="com.test.LoginPageTest"/>
</testsuite> <!-- com.test.LoginPageTest -->
