<?xml version="1.0" encoding="UTF-8"?>
<!-- Generated by org.testng.reporters.JUnitReportReporter -->
<testsuite name="locatar.LoTest" tests="1" time="1.214" ignored="0" failures="0" timestamp="28 Mar 2021 15:42:17 GMT" skipped="0" hostname="Kalyani" errors="0">
  <testcase name="logintest11" time="1.214" classname="locatar.LoTest"/>
</testsuite> <!-- locatar.LoTest -->
