<?xml version="1.0" encoding="UTF-8"?>
<!-- Generated by org.testng.reporters.JUnitReportReporter -->
<testsuite name="April4.testInCompany.DaProvidRegister" tests="9" time="12.973" ignored="0" failures="0" timestamp="06 Apr 2021 09:19:02 GMT" skipped="0" hostname="Kalyani" errors="0">
  <testcase name="fillDetails" time="1.158" classname="April4.testInCompany.DaProvidRegister"/>
  <testcase name="userpageTest" time="2.148" classname="April4.testInCompany.DaProvidRegister"/>
  <testcase name="userpageTest" time="1.565" classname="April4.testInCompany.DaProvidRegister"/>
  <testcase name="fillDetails" time="1.290" classname="April4.testInCompany.DaProvidRegister"/>
  <testcase name="fillDetails" time="1.327" classname="April4.testInCompany.DaProvidRegister"/>
  <testcase name="userpageTest" time="1.851" classname="April4.testInCompany.DaProvidRegister"/>
  <testcase name="userpageTest" time="1.808" classname="April4.testInCompany.DaProvidRegister"/>
  <testcase name="loginTestCase" time="0.574" classname="April4.testInCompany.DaProvidRegister"/>
  <testcase name="fillDetails" time="1.252" classname="April4.testInCompany.DaProvidRegister"/>
</testsuite> <!-- April4.testInCompany.DaProvidRegister -->
