<?xml version="1.0" encoding="UTF-8"?>
<!-- Generated by org.testng.reporters.JUnitReportReporter -->
<testsuite name="com.test.A" tests="1" time="4.023" ignored="0" failures="0" timestamp="28 Mar 2021 07:57:28 GMT" skipped="0" hostname="Kalyani" errors="0">
  <testcase name="test" time="4.023" classname="com.test.A"/>
</testsuite> <!-- com.test.A -->
