<?xml version="1.0" encoding="UTF-8"?>
<!-- Generated by org.testng.reporters.JUnitReportReporter -->
<testsuite name="com.test.AddUserTest" tests="1" time="1.791" ignored="0" failures="0" timestamp="03 Apr 2021 05:51:01 GMT" skipped="0" hostname="Kalyani" errors="0">
  <testcase name="addUsersTestCase" time="1.791" classname="com.test.AddUserTest"/>
</testsuite> <!-- com.test.AddUserTest -->
