<?xml version="1.0" encoding="UTF-8"?>
<!-- Generated by org.testng.reporters.JUnitReportReporter -->
<testsuite name="April4.testInCompany.LoginTest" tests="3" time="4.873" ignored="0" failures="0" timestamp="05 Apr 2021 04:42:44 GMT" skipped="0" hostname="Kalyani" errors="0">
  <testcase name="userpageTest" time="2.501" classname="April4.testInCompany.LoginTest"/>
  <testcase name="loginTestCase" time="1.266" classname="April4.testInCompany.LoginTest"/>
  <testcase name="registerTest" time="1.106" classname="April4.testInCompany.LoginTest"/>
</testsuite> <!-- April4.testInCompany.LoginTest -->
